<?xml version="1.0" encoding="UTF-8"?>
<!-- Generated by org.testng.reporters.JUnitReportReporter -->
<testsuite skipped="0" hostname="INLT1752" name="com.qureai.testcases.Conduit_Signin" tests="2" failures="0" timestamp="2022-04-19T14:38:42 IST" time="6.874" errors="0">
  <testcase name="conduitSignout" time="1.436" classname="com.qureai.testcases.Conduit_Signin"/>
  <system-out/>
  <testcase name="conduitSignin" time="5.438" classname="com.qureai.testcases.Conduit_Signin"/>
  <system-out/>
</testsuite> <!-- com.qureai.testcases.Conduit_Signin -->
