<?xml version="1.0" encoding="UTF-8"?>
<!-- Generated by org.testng.reporters.JUnitReportReporter -->
<testsuite skipped="0" hostname="INLT1752" name="com.qureai.utilities.DataUtil" tests="1" failures="0" timestamp="2022-04-16T20:38:23 IST" time="0.453" errors="0">
  <testcase name="readExcelData" time="0.453" classname="com.qureai.utilities.DataUtil"/>
  <system-out/>
</testsuite> <!-- com.qureai.utilities.DataUtil -->
