<?xml version="1.0" encoding="UTF-8"?>
<!-- Generated by org.testng.reporters.JUnitReportReporter -->
<testsuite skipped="0" hostname="INLT1752" name="com.qureai.testcases.Conduit_CommentAndFollowArticle" tests="1" failures="0" timestamp="2022-04-19T14:38:42 IST" time="13.053" errors="0">
  <testcase name="commentAndFollow" time="13.053" classname="com.qureai.testcases.Conduit_CommentAndFollowArticle"/>
  <system-out/>
</testsuite> <!-- com.qureai.testcases.Conduit_CommentAndFollowArticle -->
